

Started GET "/" for 68.119.102.65 at 2013-05-09 12:33:59 -0400
Processing by HomeController#index as HTML
  Rendered partials/_home_extra.html.erb (0.5ms)
  Rendered home/index.html.haml within layouts/application (136.7ms)
Compiled application.css  (129ms)  (pid 10287)
Compiled home.css  (84ms)  (pid 10287)
Compiled jquery.js  (1ms)  (pid 10287)
Compiled jquery_ujs.js  (0ms)  (pid 10287)
Compiled application.js  (76ms)  (pid 10287)
Compiled home.js  (0ms)  (pid 10287)
  Rendered layouts/_google-analytics.html.erb (0.7ms)
  Rendered partials/_header.html.haml (10.1ms)
  Rendered partials/_footer.html.haml (3.4ms)
Completed 200 OK in 3949ms (Views: 3910.4ms | ActiveRecord: 19.5ms)


Started GET "/assets/application-a2d01d8a1ce3648f16098c81c4afb13f.css" for 68.119.102.65 at 2013-05-09 12:34:04 -0400
Served asset /application-a2d01d8a1ce3648f16098c81c4afb13f.css - 200 OK (0ms)


Started GET "/assets/home-d9803d828354108150e14f77f7a046fa.css" for 68.119.102.65 at 2013-05-09 12:34:04 -0400
Served asset /home-d9803d828354108150e14f77f7a046fa.css - 200 OK (4ms)


Started GET "/assets/home/logo-9399f76d88c53738797482f18fd248be.png" for 68.119.102.65 at 2013-05-09 12:34:04 -0400


Started GET "/assets/home/social-b94ac1b90cd6d3a257cbb53006ebdaf2.png" for 68.119.102.65 at 2013-05-09 12:34:04 -0400
Served asset /home/logo-9399f76d88c53738797482f18fd248be.png - 200 OK (0ms)
Served asset /home/social-b94ac1b90cd6d3a257cbb53006ebdaf2.png - 200 OK (1ms)


Started GET "/assets/home/hero-3772a849f9d526da86eee856011a9aa3.jpg" for 68.119.102.65 at 2013-05-09 12:34:04 -0400


Started GET "/assets/home/viewres_heading-738660755ae4d2567efe331f64cb3884.jpg" for 68.119.102.65 at 2013-05-09 12:34:04 -0400
Served asset /home/viewres_heading-738660755ae4d2567efe331f64cb3884.jpg - 200 OK (0ms)
Served asset /home/hero-3772a849f9d526da86eee856011a9aa3.jpg - 200 OK (1ms)


Started GET "/assets/home/stripes-70d924d0a410d6aff761b63c14588adb.gif" for 68.119.102.65 at 2013-05-09 12:34:04 -0400
Served asset /home/stripes-70d924d0a410d6aff761b63c14588adb.gif - 200 OK (0ms)


Started GET "/assets/home/meter-b1520e9dff82f31ab75d632ce6755c54.png" for 68.119.102.65 at 2013-05-09 12:34:04 -0400
Served asset /home/meter-b1520e9dff82f31ab75d632ce6755c54.png - 200 OK (0ms)


Started GET "/assets/home/pic01-bb59977defd78f173696a8b74b8df1cb.jpg" for 68.119.102.65 at 2013-05-09 12:34:04 -0400
Served asset /home/pic01-bb59977defd78f173696a8b74b8df1cb.jpg - 200 OK (0ms)


Started GET "/assets/home/pic02-3343825cf71fa0800faf870f6c1dedab.jpg" for 68.119.102.65 at 2013-05-09 12:34:04 -0400
Served asset /home/pic02-3343825cf71fa0800faf870f6c1dedab.jpg - 200 OK (0ms)


Started GET "/" for 68.119.102.65 at 2013-05-09 12:34:55 -0400
Processing by HomeController#index as HTML
  Rendered partials/_home_extra.html.erb (0.1ms)
  Rendered home/index.html.haml within layouts/application (6.8ms)
  Rendered layouts/_google-analytics.html.erb (0.0ms)
  Rendered partials/_header.html.haml (1.8ms)
  Rendered partials/_footer.html.haml (0.3ms)
Completed 200 OK in 36ms (Views: 34.5ms | ActiveRecord: 0.6ms)


Started GET "/restaurants" for 68.119.102.65 at 2013-05-09 12:36:06 -0400
Processing by RestaurantsController#index as HTML
  Rendered restaurants/index.html.erb within layouts/application (82.7ms)
Compiled restaurants.css  (119ms)  (pid 10431)
Compiled restaurants.js  (0ms)  (pid 10431)
  Rendered layouts/_google-analytics.html.erb (0.6ms)
  Rendered partials/_header.html.haml (10.6ms)
  Rendered partials/_footer.html.haml (3.6ms)
Completed 200 OK in 1047ms (Views: 1045.8ms | ActiveRecord: 0.0ms)


Started GET "/assets/restaurants-7270767b2a9e9fff880aa5de378ca791.css" for 68.119.102.65 at 2013-05-09 12:36:07 -0400
Served asset /restaurants-7270767b2a9e9fff880aa5de378ca791.css - 200 OK (0ms)


Started GET "/assets/restaurants-885c1cefd9d73d37f643283b7759bd28.js" for 68.119.102.65 at 2013-05-09 12:36:07 -0400
Served asset /restaurants-885c1cefd9d73d37f643283b7759bd28.js - 200 OK (3ms)


Started GET "/" for 98.209.136.241 at 2013-05-09 12:36:07 -0400
Processing by HomeController#index as HTML


Started GET "/assets/mealupgrade-d38b11e82bd4989385799169f087e566.png" for 68.119.102.65 at 2013-05-09 12:36:07 -0400
Served asset /mealupgrade-d38b11e82bd4989385799169f087e566.png - 200 OK (0ms)


Started GET "/assets/sellit-c751f92ef5ef2afc0a9f19542ca8b476.png" for 68.119.102.65 at 2013-05-09 12:36:07 -0400
  Rendered partials/_home_extra.html.erb (0.1ms)
  Rendered home/index.html.haml within layouts/application (6.6ms)
  Rendered layouts/_google-analytics.html.erb (0.0ms)
  Rendered partials/_header.html.haml (1.9ms)
  Rendered partials/_footer.html.haml (0.3ms)
Completed 200 OK in 42ms (Views: 40.7ms | ActiveRecord: 0.6ms)


Started GET "/assets/dinein-d328d820f8d9137de5d01e2db2b894c3.png" for 68.119.102.65 at 2013-05-09 12:36:07 -0400
Served asset /dinein-d328d820f8d9137de5d01e2db2b894c3.png - 200 OK (1ms)


Started GET "/assets/stringleft-ead4305f85cff2f6ba34e3ee1d8af139.png" for 68.119.102.65 at 2013-05-09 12:36:07 -0400
Served asset /stringleft-ead4305f85cff2f6ba34e3ee1d8af139.png - 200 OK (0ms)
Served asset /sellit-c751f92ef5ef2afc0a9f19542ca8b476.png - 200 OK (0ms)


Started GET "/assets/stringright-ead4305f85cff2f6ba34e3ee1d8af139.png" for 68.119.102.65 at 2013-05-09 12:36:07 -0400
Served asset /stringright-ead4305f85cff2f6ba34e3ee1d8af139.png - 200 OK (0ms)


Started GET "/assets/application-fe872ff963c506bffe84113b0f98f1ce.js" for 98.209.136.241 at 2013-05-09 12:36:07 -0400
Served asset /application-fe872ff963c506bffe84113b0f98f1ce.js - 200 OK (0ms)


Started GET "/assets/home-be8638a063665b638fd7e32fdb619489.js" for 98.209.136.241 at 2013-05-09 12:36:07 -0400
Served asset /home-be8638a063665b638fd7e32fdb619489.js - 200 OK (2ms)


Started GET "/faq" for 98.209.136.241 at 2013-05-09 12:36:12 -0400
Processing by FaqController#show as HTML
  Parameters: {"id"=>"faq"}
  Rendered partials/_faq_sidebar.html.haml (4.0ms)
  Rendered faq/faq.html.haml within layouts/application (16.9ms)
Compiled faq.css  (176ms)  (pid 10431)
Compiled faq.js  (0ms)  (pid 10431)
  Rendered layouts/_google-analytics.html.erb (0.1ms)
  Rendered partials/_header.html.haml (2.8ms)
  Rendered partials/_footer.html.haml (0.3ms)
Completed 200 OK in 410ms (Views: 409.6ms | ActiveRecord: 0.0ms)


Started GET "/assets/faq-a98bf847fd3874e1b8ceaf202854e840.css" for 98.209.136.241 at 2013-05-09 12:36:13 -0400
Served asset /faq-a98bf847fd3874e1b8ceaf202854e840.css - 200 OK (0ms)


Started GET "/assets/faq-885c1cefd9d73d37f643283b7759bd28.js" for 98.209.136.241 at 2013-05-09 12:36:13 -0400
Served asset /faq-885c1cefd9d73d37f643283b7759bd28.js - 200 OK (0ms)


Started GET "/assets/faq/faq_shadow-ececfe577016eaca9fb07df66a1805a5.png" for 98.209.136.241 at 2013-05-09 12:36:13 -0400


Started GET "/assets/faq/faq_shadow_short-da3bda99bc8c1eef21ab863c805dd678.png" for 98.209.136.241 at 2013-05-09 12:36:13 -0400
Served asset /faq/faq_shadow-ececfe577016eaca9fb07df66a1805a5.png - 200 OK (0ms)
Served asset /faq/faq_shadow_short-da3bda99bc8c1eef21ab863c805dd678.png - 200 OK (0ms)


Started GET "/assets/faq/faq_shadow_short_even-aaeb82f2fe09537faefdb53d0d1ce163.png" for 98.209.136.241 at 2013-05-09 12:36:13 -0400
Served asset /faq/faq_shadow_short_even-aaeb82f2fe09537faefdb53d0d1ce163.png - 200 OK (0ms)


Started GET "/assets/faq/faq_shadow_even-1a8e83df2d32c41f0b70fbbf184fc2f5.png" for 98.209.136.241 at 2013-05-09 12:36:13 -0400
Served asset /faq/faq_shadow_even-1a8e83df2d32c41f0b70fbbf184fc2f5.png - 200 OK (0ms)


Started GET "/faq/about_we" for 98.209.136.241 at 2013-05-09 12:36:15 -0400
Processing by FaqController#show as HTML
  Parameters: {"id"=>"about_we"}
  Rendered partials/_faq_sidebar.html.haml (48.6ms)
  Rendered faq/about_we.html.haml within layouts/application (67.5ms)
  Rendered layouts/_google-analytics.html.erb (0.0ms)
  Rendered partials/_header.html.haml (1.6ms)
  Rendered partials/_footer.html.haml (0.2ms)
Completed 200 OK in 80ms (Views: 79.5ms | ActiveRecord: 0.0ms)


Started GET "/assets/faq/about_team_shadow-de0bb5b9e4c24c3553290eb00779fc47.png" for 98.209.136.241 at 2013-05-09 12:36:15 -0400
Served asset /faq/about_team_shadow-de0bb5b9e4c24c3553290eb00779fc47.png - 200 OK (0ms)


Started GET "/assets/faq/about_location-511459205f5f6f4625411e629e86a1d9.png" for 98.209.136.241 at 2013-05-09 12:36:15 -0400
Served asset /faq/about_location-511459205f5f6f4625411e629e86a1d9.png - 200 OK (0ms)


Started GET "/assets/faq/about_team-c5cd056e6ae7fdf3e3aa44c2c8308823.png" for 98.209.136.241 at 2013-05-09 12:36:15 -0400
Served asset /faq/about_team-c5cd056e6ae7fdf3e3aa44c2c8308823.png - 200 OK (0ms)


Started GET "/assets/faq/about_social-92c74d91331abf3304d498443214924a.png" for 98.209.136.241 at 2013-05-09 12:36:15 -0400
Served asset /faq/about_social-92c74d91331abf3304d498443214924a.png - 200 OK (0ms)


Started GET "/" for 98.209.136.241 at 2013-05-09 12:36:30 -0400
Processing by HomeController#index as HTML
  Rendered partials/_home_extra.html.erb (0.3ms)
  Rendered home/index.html.haml within layouts/application (675.5ms)
  Rendered layouts/_google-analytics.html.erb (0.0ms)
  Rendered partials/_header.html.haml (1.8ms)
  Rendered partials/_footer.html.haml (0.3ms)
Completed 200 OK in 757ms (Views: 181.1ms | ActiveRecord: 548.7ms)
Connecting to database specified by database.yml
Connecting to database specified by database.yml
Connecting to database specified by database.yml
Connecting to database specified by database.yml
Connecting to database specified by database.yml
Connecting to database specified by database.yml
Connecting to database specified by database.yml
Connecting to database specified by database.yml
Connecting to database specified by database.yml
Connecting to database specified by database.yml
Connecting to database specified by database.yml
Connecting to database specified by database.yml
Connecting to database specified by database.yml
Connecting to database specified by database.yml
Connecting to database specified by database.yml
Connecting to database specified by database.yml
Connecting to database specified by database.yml
Connecting to database specified by database.yml
