Connecting to database specified by database.yml


Started GET "/" for 71.88.221.60 at 2013-05-14 21:20:15 -0400
Processing by HomeController#index as HTML
  [1m[36m (1.8ms)[0m  [1mSELECT * FROM geometry_columns WHERE f_table_name='vouchers'[0m
PG::Error: ERROR:  relation "vouchers" does not exist
LINE 4:              WHERE a.attrelid = '"vouchers"'::regclass
                                        ^
:             SELECT a.attname, format_type(a.atttypid, a.atttypmod), d.adsrc, a.attnotnull
              FROM pg_attribute a LEFT JOIN pg_attrdef d
                ON a.attrelid = d.adrelid AND a.attnum = d.adnum
             WHERE a.attrelid = '"vouchers"'::regclass
               AND a.attnum > 0 AND NOT a.attisdropped
             ORDER BY a.attnum

  Rendered home/index.html.haml within layouts/application (59.1ms)
Completed 500 Internal Server Error in 141ms

ActionView::Template::Error (PG::Error: ERROR:  relation "vouchers" does not exist
LINE 4:              WHERE a.attrelid = '"vouchers"'::regclass
                                        ^
:             SELECT a.attname, format_type(a.atttypid, a.atttypmod), d.adsrc, a.attnotnull
              FROM pg_attribute a LEFT JOIN pg_attrdef d
                ON a.attrelid = d.adrelid AND a.attnum = d.adnum
             WHERE a.attrelid = '"vouchers"'::regclass
               AND a.attnum > 0 AND NOT a.attisdropped
             ORDER BY a.attnum
):
    26:   .container
    27:     .index
    28:       / COLUMN
    29:       - @vouchers.in_groups_of(3).each do |voucher_group|
    30:         .col
    31:           - voucher_group.each do |voucher|
    32:             .item
  app/views/home/index.html.haml:29:in `_app_views_home_index_html_haml__131146989856927413_29096440'


Connecting to database specified by database.yml


Started GET "/mobi/num_users" for 68.119.102.65 at 2013-05-15 09:09:10 -0400
Processing by MobileController#num_users as HTML
  [1m[36m (1.7ms)[0m  [1mSELECT * FROM geometry_columns WHERE f_table_name='users'[0m
  [1m[35m (35.0ms)[0m  SELECT COUNT(*) FROM "users" 
Completed 200 OK in 105ms (Views: 0.8ms | ActiveRecord: 97.5ms)


Started GET "/auth/facebook" for 68.119.102.65 at 2013-05-15 09:10:39 -0400


Started GET "/auth/facebook" for 68.119.102.65 at 2013-05-15 09:11:56 -0400


Started GET "/auth/facebook/callback?code=AQCubxe2I_sH3MNmdxXDi7fOS3NIh5LsAcIo4c9tRZhZ49c1ZnvP5q9-PQjZj_IJurD5x52cPA8dtbZrlbJsgPedKdS7C-Hx-zyP8Z2pGiwFmUhm932tF82qgDehoJvQR8m4_aoOULdqM5jOauVjIwcp6bMnieLNSXXa9WMZYZ8xu5utDxHkHMcZvhkRvqSdcDaO5NztFjR9Eg3Uvx3Ldv47DHgGLAnun448oY7PUtFrfLMtkWkvx8uyEISVg42KNczzBgPI6IjiCy-1wSRAmhubkjP7K5ab2uM0J9OZJ4y7muOdsqXREIzPt1wgBfYiNPI&state=a393064b09779ce02375c0e4d96fd5aa2f8f8263f1d54ce7" for 68.119.102.65 at 2013-05-15 09:11:56 -0400


Started GET "/auth/failure?message=invalid_credentials&strategy=facebook" for 68.119.102.65 at 2013-05-15 09:11:57 -0400

ActionController::RoutingError (No route matches [GET] "/auth/failure"):
  actionpack (3.2.8) lib/action_dispatch/middleware/debug_exceptions.rb:21:in `call'
  actionpack (3.2.8) lib/action_dispatch/middleware/show_exceptions.rb:56:in `call'
  railties (3.2.8) lib/rails/rack/logger.rb:26:in `call_app'
  railties (3.2.8) lib/rails/rack/logger.rb:16:in `call'
  actionpack (3.2.8) lib/action_dispatch/middleware/request_id.rb:22:in `call'
  rack (1.4.5) lib/rack/methodoverride.rb:21:in `call'
  rack (1.4.5) lib/rack/runtime.rb:17:in `call'
  activesupport (3.2.8) lib/active_support/cache/strategy/local_cache.rb:72:in `call'
  rack (1.4.5) lib/rack/lock.rb:15:in `call'
  actionpack (3.2.8) lib/action_dispatch/middleware/static.rb:62:in `call'
  dragonfly (0.9.12) lib/dragonfly/middleware.rb:13:in `call'
  rack-cache (1.2) lib/rack/cache/context.rb:136:in `forward'
  rack-cache (1.2) lib/rack/cache/context.rb:245:in `fetch'
  rack-cache (1.2) lib/rack/cache/context.rb:185:in `lookup'
  rack-cache (1.2) lib/rack/cache/context.rb:66:in `call!'
  rack-cache (1.2) lib/rack/cache/context.rb:51:in `call'
  railties (3.2.8) lib/rails/engine.rb:479:in `call'
  railties (3.2.8) lib/rails/application.rb:223:in `call'
  railties (3.2.8) lib/rails/railtie/configurable.rb:30:in `method_missing'
  passenger (3.0.19) lib/phusion_passenger/rack/request_handler.rb:96:in `process_request'
  passenger (3.0.19) lib/phusion_passenger/abstract_request_handler.rb:516:in `accept_and_process_next_request'
  passenger (3.0.19) lib/phusion_passenger/abstract_request_handler.rb:274:in `main_loop'
  passenger (3.0.19) lib/phusion_passenger/rack/application_spawner.rb:206:in `start_request_handler'
  passenger (3.0.19) lib/phusion_passenger/rack/application_spawner.rb:171:in `block in handle_spawn_application'
  passenger (3.0.19) lib/phusion_passenger/utils.rb:470:in `safe_fork'
  passenger (3.0.19) lib/phusion_passenger/rack/application_spawner.rb:166:in `handle_spawn_application'
  passenger (3.0.19) lib/phusion_passenger/abstract_server.rb:357:in `server_main_loop'
  passenger (3.0.19) lib/phusion_passenger/abstract_server.rb:206:in `start_synchronously'
  passenger (3.0.19) lib/phusion_passenger/abstract_server.rb:180:in `start'
  passenger (3.0.19) lib/phusion_passenger/rack/application_spawner.rb:129:in `start'
  passenger (3.0.19) lib/phusion_passenger/spawn_manager.rb:253:in `block (2 levels) in spawn_rack_application'
  passenger (3.0.19) lib/phusion_passenger/abstract_server_collection.rb:132:in `lookup_or_add'
  passenger (3.0.19) lib/phusion_passenger/spawn_manager.rb:246:in `block in spawn_rack_application'
  passenger (3.0.19) lib/phusion_passenger/abstract_server_collection.rb:82:in `block in synchronize'
  <internal:prelude>:10:in `synchronize'
  passenger (3.0.19) lib/phusion_passenger/abstract_server_collection.rb:79:in `synchronize'
  passenger (3.0.19) lib/phusion_passenger/spawn_manager.rb:244:in `spawn_rack_application'
  passenger (3.0.19) lib/phusion_passenger/spawn_manager.rb:137:in `spawn_application'
  passenger (3.0.19) lib/phusion_passenger/spawn_manager.rb:275:in `handle_spawn_application'
  passenger (3.0.19) lib/phusion_passenger/abstract_server.rb:357:in `server_main_loop'
  passenger (3.0.19) lib/phusion_passenger/abstract_server.rb:206:in `start_synchronously'
  passenger (3.0.19) helper-scripts/passenger-spawn-server:99:in `<main>'




Started GET "/auth/failure?message=invalid_credentials&strategy=facebook" for 68.119.102.65 at 2013-05-15 09:15:48 -0400

ActionController::RoutingError (No route matches [GET] "/auth/failure"):
  actionpack (3.2.8) lib/action_dispatch/middleware/debug_exceptions.rb:21:in `call'
  actionpack (3.2.8) lib/action_dispatch/middleware/show_exceptions.rb:56:in `call'
  railties (3.2.8) lib/rails/rack/logger.rb:26:in `call_app'
  railties (3.2.8) lib/rails/rack/logger.rb:16:in `call'
  actionpack (3.2.8) lib/action_dispatch/middleware/request_id.rb:22:in `call'
  rack (1.4.5) lib/rack/methodoverride.rb:21:in `call'
  rack (1.4.5) lib/rack/runtime.rb:17:in `call'
  activesupport (3.2.8) lib/active_support/cache/strategy/local_cache.rb:72:in `call'
  rack (1.4.5) lib/rack/lock.rb:15:in `call'
  actionpack (3.2.8) lib/action_dispatch/middleware/static.rb:62:in `call'
  dragonfly (0.9.12) lib/dragonfly/middleware.rb:13:in `call'
  rack-cache (1.2) lib/rack/cache/context.rb:136:in `forward'
  rack-cache (1.2) lib/rack/cache/context.rb:245:in `fetch'
  rack-cache (1.2) lib/rack/cache/context.rb:185:in `lookup'
  rack-cache (1.2) lib/rack/cache/context.rb:66:in `call!'
  rack-cache (1.2) lib/rack/cache/context.rb:51:in `call'
  railties (3.2.8) lib/rails/engine.rb:479:in `call'
  railties (3.2.8) lib/rails/application.rb:223:in `call'
  railties (3.2.8) lib/rails/railtie/configurable.rb:30:in `method_missing'
  passenger (3.0.19) lib/phusion_passenger/rack/request_handler.rb:96:in `process_request'
  passenger (3.0.19) lib/phusion_passenger/abstract_request_handler.rb:516:in `accept_and_process_next_request'
  passenger (3.0.19) lib/phusion_passenger/abstract_request_handler.rb:274:in `main_loop'
  passenger (3.0.19) lib/phusion_passenger/rack/application_spawner.rb:206:in `start_request_handler'
  passenger (3.0.19) lib/phusion_passenger/rack/application_spawner.rb:171:in `block in handle_spawn_application'
  passenger (3.0.19) lib/phusion_passenger/utils.rb:470:in `safe_fork'
  passenger (3.0.19) lib/phusion_passenger/rack/application_spawner.rb:166:in `handle_spawn_application'
  passenger (3.0.19) lib/phusion_passenger/abstract_server.rb:357:in `server_main_loop'
  passenger (3.0.19) lib/phusion_passenger/abstract_server.rb:206:in `start_synchronously'
  passenger (3.0.19) lib/phusion_passenger/abstract_server.rb:180:in `start'
  passenger (3.0.19) lib/phusion_passenger/rack/application_spawner.rb:129:in `start'
  passenger (3.0.19) lib/phusion_passenger/spawn_manager.rb:253:in `block (2 levels) in spawn_rack_application'
  passenger (3.0.19) lib/phusion_passenger/abstract_server_collection.rb:132:in `lookup_or_add'
  passenger (3.0.19) lib/phusion_passenger/spawn_manager.rb:246:in `block in spawn_rack_application'
  passenger (3.0.19) lib/phusion_passenger/abstract_server_collection.rb:82:in `block in synchronize'
  <internal:prelude>:10:in `synchronize'
  passenger (3.0.19) lib/phusion_passenger/abstract_server_collection.rb:79:in `synchronize'
  passenger (3.0.19) lib/phusion_passenger/spawn_manager.rb:244:in `spawn_rack_application'
  passenger (3.0.19) lib/phusion_passenger/spawn_manager.rb:137:in `spawn_application'
  passenger (3.0.19) lib/phusion_passenger/spawn_manager.rb:275:in `handle_spawn_application'
  passenger (3.0.19) lib/phusion_passenger/abstract_server.rb:357:in `server_main_loop'
  passenger (3.0.19) lib/phusion_passenger/abstract_server.rb:206:in `start_synchronously'
  passenger (3.0.19) helper-scripts/passenger-spawn-server:99:in `<main>'




Started GET "/auth/facebook" for 68.119.102.65 at 2013-05-15 09:15:52 -0400


Started GET "/auth/facebook/callback?code=AQDhaSZM5oW6-RNJmYlwvqFTeNmaJgKGvsXU4L4o5OWCO1PHsDI5ibuaYpFRBP6Df4MYHP_tvx_Ba-zTRgs3eK5t7hXAGykSLz4Dtf_oGD56UqvBiTmypqjSJ6kaMuLvu-HtfLNBNl3zOn2YIz3QXCKe62q2aLdKY3L_tFeiEJdZGvxRTIvGMiQAoT59wyezEQf8JU3XZnOylLcUnUoq9GIP_teoCsX7Y53ytAkwUV0924JFE5aTxCA_feILkEm8nHQxcpXa08Uv22y8E5cxq9xQ9asI-dWFo9rmjA0Iw-BZRhfoQNLDrcz9-2-ieaPzaKs&state=916d10d098b04cf9b9f66549eb415761e1ec8f85ab4106fa" for 68.119.102.65 at 2013-05-15 09:15:53 -0400


Started GET "/auth/failure?message=invalid_credentials&strategy=facebook" for 68.119.102.65 at 2013-05-15 09:15:53 -0400

ActionController::RoutingError (No route matches [GET] "/auth/failure"):
  actionpack (3.2.8) lib/action_dispatch/middleware/debug_exceptions.rb:21:in `call'
  actionpack (3.2.8) lib/action_dispatch/middleware/show_exceptions.rb:56:in `call'
  railties (3.2.8) lib/rails/rack/logger.rb:26:in `call_app'
  railties (3.2.8) lib/rails/rack/logger.rb:16:in `call'
  actionpack (3.2.8) lib/action_dispatch/middleware/request_id.rb:22:in `call'
  rack (1.4.5) lib/rack/methodoverride.rb:21:in `call'
  rack (1.4.5) lib/rack/runtime.rb:17:in `call'
  activesupport (3.2.8) lib/active_support/cache/strategy/local_cache.rb:72:in `call'
  rack (1.4.5) lib/rack/lock.rb:15:in `call'
  actionpack (3.2.8) lib/action_dispatch/middleware/static.rb:62:in `call'
  dragonfly (0.9.12) lib/dragonfly/middleware.rb:13:in `call'
  rack-cache (1.2) lib/rack/cache/context.rb:136:in `forward'
  rack-cache (1.2) lib/rack/cache/context.rb:245:in `fetch'
  rack-cache (1.2) lib/rack/cache/context.rb:185:in `lookup'
  rack-cache (1.2) lib/rack/cache/context.rb:66:in `call!'
  rack-cache (1.2) lib/rack/cache/context.rb:51:in `call'
  railties (3.2.8) lib/rails/engine.rb:479:in `call'
  railties (3.2.8) lib/rails/application.rb:223:in `call'
  railties (3.2.8) lib/rails/railtie/configurable.rb:30:in `method_missing'
  passenger (3.0.19) lib/phusion_passenger/rack/request_handler.rb:96:in `process_request'
  passenger (3.0.19) lib/phusion_passenger/abstract_request_handler.rb:516:in `accept_and_process_next_request'
  passenger (3.0.19) lib/phusion_passenger/abstract_request_handler.rb:274:in `main_loop'
  passenger (3.0.19) lib/phusion_passenger/rack/application_spawner.rb:206:in `start_request_handler'
  passenger (3.0.19) lib/phusion_passenger/rack/application_spawner.rb:171:in `block in handle_spawn_application'
  passenger (3.0.19) lib/phusion_passenger/utils.rb:470:in `safe_fork'
  passenger (3.0.19) lib/phusion_passenger/rack/application_spawner.rb:166:in `handle_spawn_application'
  passenger (3.0.19) lib/phusion_passenger/abstract_server.rb:357:in `server_main_loop'
  passenger (3.0.19) lib/phusion_passenger/abstract_server.rb:206:in `start_synchronously'
  passenger (3.0.19) lib/phusion_passenger/abstract_server.rb:180:in `start'
  passenger (3.0.19) lib/phusion_passenger/rack/application_spawner.rb:129:in `start'
  passenger (3.0.19) lib/phusion_passenger/spawn_manager.rb:253:in `block (2 levels) in spawn_rack_application'
  passenger (3.0.19) lib/phusion_passenger/abstract_server_collection.rb:132:in `lookup_or_add'
  passenger (3.0.19) lib/phusion_passenger/spawn_manager.rb:246:in `block in spawn_rack_application'
  passenger (3.0.19) lib/phusion_passenger/abstract_server_collection.rb:82:in `block in synchronize'
  <internal:prelude>:10:in `synchronize'
  passenger (3.0.19) lib/phusion_passenger/abstract_server_collection.rb:79:in `synchronize'
  passenger (3.0.19) lib/phusion_passenger/spawn_manager.rb:244:in `spawn_rack_application'
  passenger (3.0.19) lib/phusion_passenger/spawn_manager.rb:137:in `spawn_application'
  passenger (3.0.19) lib/phusion_passenger/spawn_manager.rb:275:in `handle_spawn_application'
  passenger (3.0.19) lib/phusion_passenger/abstract_server.rb:357:in `server_main_loop'
  passenger (3.0.19) lib/phusion_passenger/abstract_server.rb:206:in `start_synchronously'
  passenger (3.0.19) helper-scripts/passenger-spawn-server:99:in `<main>'




Started GET "/" for 68.119.102.65 at 2013-05-15 09:55:15 -0400
Processing by HomeController#index as HTML
  [1m[36m (0.4ms)[0m  [1mSELECT * FROM geometry_columns WHERE f_table_name='vouchers'[0m
PG::Error: ERROR:  relation "vouchers" does not exist
LINE 4:              WHERE a.attrelid = '"vouchers"'::regclass
                                        ^
:             SELECT a.attname, format_type(a.atttypid, a.atttypmod), d.adsrc, a.attnotnull
              FROM pg_attribute a LEFT JOIN pg_attrdef d
                ON a.attrelid = d.adrelid AND a.attnum = d.adnum
             WHERE a.attrelid = '"vouchers"'::regclass
               AND a.attnum > 0 AND NOT a.attisdropped
             ORDER BY a.attnum

  Rendered home/index.html.haml within layouts/application (93.5ms)
Completed 500 Internal Server Error in 176ms

ActionView::Template::Error (PG::Error: ERROR:  relation "vouchers" does not exist
LINE 4:              WHERE a.attrelid = '"vouchers"'::regclass
                                        ^
:             SELECT a.attname, format_type(a.atttypid, a.atttypmod), d.adsrc, a.attnotnull
              FROM pg_attribute a LEFT JOIN pg_attrdef d
                ON a.attrelid = d.adrelid AND a.attnum = d.adnum
             WHERE a.attrelid = '"vouchers"'::regclass
               AND a.attnum > 0 AND NOT a.attisdropped
             ORDER BY a.attnum
):
    26:   .container
    27:     .index
    28:       / COLUMN
    29:       - @vouchers.in_groups_of(3).each do |voucher_group|
    30:         .col
    31:           - voucher_group.each do |voucher|
    32:             .item
  app/views/home/index.html.haml:29:in `_app_views_home_index_html_haml___310714035139709997_29686300'




Started GET "/" for 68.119.102.65 at 2013-05-15 09:55:51 -0400
Processing by HomeController#index as HTML
  [1m[35m (0.3ms)[0m  SELECT * FROM geometry_columns WHERE f_table_name='vouchers'
PG::Error: ERROR:  relation "vouchers" does not exist
LINE 4:              WHERE a.attrelid = '"vouchers"'::regclass
                                        ^
:             SELECT a.attname, format_type(a.atttypid, a.atttypmod), d.adsrc, a.attnotnull
              FROM pg_attribute a LEFT JOIN pg_attrdef d
                ON a.attrelid = d.adrelid AND a.attnum = d.adnum
             WHERE a.attrelid = '"vouchers"'::regclass
               AND a.attnum > 0 AND NOT a.attisdropped
             ORDER BY a.attnum

  Rendered home/index.html.haml within layouts/application (2.2ms)
Completed 500 Internal Server Error in 5ms

ActionView::Template::Error (PG::Error: ERROR:  relation "vouchers" does not exist
LINE 4:              WHERE a.attrelid = '"vouchers"'::regclass
                                        ^
:             SELECT a.attname, format_type(a.atttypid, a.atttypmod), d.adsrc, a.attnotnull
              FROM pg_attribute a LEFT JOIN pg_attrdef d
                ON a.attrelid = d.adrelid AND a.attnum = d.adnum
             WHERE a.attrelid = '"vouchers"'::regclass
               AND a.attnum > 0 AND NOT a.attisdropped
             ORDER BY a.attnum
):
    26:   .container
    27:     .index
    28:       / COLUMN
    29:       - @vouchers.in_groups_of(3).each do |voucher_group|
    30:         .col
    31:           - voucher_group.each do |voucher|
    32:             .item
  app/views/home/index.html.haml:29:in `_app_views_home_index_html_haml___310714035139709997_29686300'


Connecting to database specified by database.yml
  [1m[36m (1.0ms)[0m  [1mSELECT * FROM geometry_columns WHERE f_table_name='schema_migrations'[0m
  [1m[35m (6.8ms)[0m  SELECT "schema_migrations"."version" FROM "schema_migrations" 
Migrating to DeviseCreateUsers (20120501170115)
  [1m[36m (0.1ms)[0m  [1mBEGIN[0m
  [1m[35m (188.8ms)[0m  CREATE TABLE "users" ("id" serial primary key, "email" character varying(255) DEFAULT '' NOT NULL, "encrypted_password" character varying(255) DEFAULT '' NOT NULL, "reset_password_token" character varying(255), "reset_password_sent_at" timestamp, "remember_created_at" timestamp, "sign_in_count" integer DEFAULT 0, "current_sign_in_at" timestamp, "last_sign_in_at" timestamp, "current_sign_in_ip" character varying(255), "last_sign_in_ip" character varying(255), "created_at" timestamp NOT NULL, "updated_at" timestamp NOT NULL) 
PG::Error: ERROR:  relation "users" already exists
: CREATE TABLE "users" ("id" serial primary key, "email" character varying(255) DEFAULT '' NOT NULL, "encrypted_password" character varying(255) DEFAULT '' NOT NULL, "reset_password_token" character varying(255), "reset_password_sent_at" timestamp, "remember_created_at" timestamp, "sign_in_count" integer DEFAULT 0, "current_sign_in_at" timestamp, "last_sign_in_at" timestamp, "current_sign_in_ip" character varying(255), "last_sign_in_ip" character varying(255), "created_at" timestamp NOT NULL, "updated_at" timestamp NOT NULL) 
  [1m[36m (0.1ms)[0m  [1mROLLBACK[0m
Connecting to database specified by database.yml


Started GET "/" for 68.119.102.65 at 2013-05-15 10:01:37 -0400
Processing by HomeController#index as HTML
  [1m[36m (161.8ms)[0m  [1mSELECT * FROM geometry_columns WHERE f_table_name='vouchers'[0m
  [1m[35mVoucher Load (1.0ms)[0m  SELECT "vouchers".* FROM "vouchers" LIMIT 9
  Rendered partials/_home_extra.html.erb (0.6ms)
  Rendered home/index.html.haml within layouts/application (321.2ms)
  Rendered layouts/_google-analytics.html.erb (0.4ms)
  Rendered partials/_header.html.haml (47.5ms)
  Rendered partials/_footer.html.haml (3.7ms)
Completed 200 OK in 519ms (Views: 317.2ms | ActiveRecord: 194.8ms)


Started GET "/" for 68.119.102.65 at 2013-05-15 10:01:46 -0400
Processing by HomeController#index as HTML
  [1m[36mVoucher Load (0.3ms)[0m  [1mSELECT "vouchers".* FROM "vouchers" LIMIT 9[0m
  Rendered partials/_home_extra.html.erb (0.0ms)
  Rendered home/index.html.haml within layouts/application (5.1ms)
  Rendered layouts/_google-analytics.html.erb (0.0ms)
  Rendered partials/_header.html.haml (1.7ms)
  Rendered partials/_footer.html.haml (0.3ms)
Completed 200 OK in 13ms (Views: 12.2ms | ActiveRecord: 0.3ms)


Started GET "/" for 68.119.102.65 at 2013-05-15 10:20:59 -0400
Processing by HomeController#index as HTML
  [1m[35mVoucher Load (0.3ms)[0m  SELECT "vouchers".* FROM "vouchers" LIMIT 9
  Rendered partials/_home_extra.html.erb (0.1ms)
  Rendered home/index.html.haml within layouts/application (4.7ms)
  Rendered layouts/_google-analytics.html.erb (0.0ms)
  Rendered partials/_header.html.haml (1.6ms)
  Rendered partials/_footer.html.haml (0.3ms)
Completed 200 OK in 12ms (Views: 11.4ms | ActiveRecord: 0.3ms)
